<?xml version="1.0" encoding="UTF-8"?>
<!-- Generated by org.testng.reporters.JUnitReportReporter -->
<testsuite hostname="DESKTOP-LNUQ5F6" name="com.test.webPages.HotWireAssignmentTest" tests="1" failures="0" timestamp="27 Feb 2019 08:43:27 GMT" time="45.115" errors="0">
  <testcase name="firstTest" time="45.115" classname="com.test.webPages.HotWireAssignmentTest"/>
</testsuite> <!-- com.test.webPages.HotWireAssignmentTest -->
